2017-01-25 17:54:31 - PHP Warning:  Invalid argument supplied for foreach() in /Users/fernandomendes/github/2coracoes2017/public/admin/controller/extension/installer.php on line 333
2017-01-25 17:54:31 - PHP Warning:  Invalid argument supplied for foreach() in /Users/fernandomendes/github/2coracoes2017/public/admin/controller/extension/installer.php on line 333
2017-01-25 18:04:21 - PHP Notice:  Undefined variable: description in /Users/fernandomendes/github/2coracoes2017/public/catalog/view/theme/theme638/template/module/tm_newsletter.tpl on line 7
2017-01-25 18:04:21 - PHP Notice:  Undefined variable: html in /Users/fernandomendes/github/2coracoes2017/public/catalog/view/theme/theme638/template/module/tm_newsletter_popup.tpl on line 18
2017-01-25 18:04:22 - PHP Warning:  sprintf(): Too few arguments in /Users/fernandomendes/github/2coracoes2017/public/system/storage/modification/catalog/controller/common/footer.php on line 90
2017-01-25 18:04:22 - PHP Notice:  Undefined variable: description in /Users/fernandomendes/github/2coracoes2017/public/catalog/view/theme/theme638/template/module/tm_newsletter.tpl on line 7
2017-01-25 18:04:22 - PHP Notice:  Undefined variable: html in /Users/fernandomendes/github/2coracoes2017/public/catalog/view/theme/theme638/template/module/tm_newsletter_popup.tpl on line 18
2017-01-25 18:04:22 - PHP Warning:  sprintf(): Too few arguments in /Users/fernandomendes/github/2coracoes2017/public/system/storage/modification/catalog/controller/common/footer.php on line 90
2017-01-25 18:04:53 - PHP Notice:  Undefined variable: html in /Users/fernandomendes/github/2coracoes2017/public/catalog/view/theme/theme638/template/module/tm_newsletter_popup.tpl on line 18
2017-01-25 18:04:53 - PHP Warning:  sprintf(): Too few arguments in /Users/fernandomendes/github/2coracoes2017/public/system/storage/modification/catalog/controller/common/footer.php on line 90
2017-01-25 18:04:53 - PHP Notice:  Undefined variable: html in /Users/fernandomendes/github/2coracoes2017/public/catalog/view/theme/theme638/template/module/tm_newsletter_popup.tpl on line 18
2017-01-25 18:04:53 - PHP Warning:  sprintf(): Too few arguments in /Users/fernandomendes/github/2coracoes2017/public/system/storage/modification/catalog/controller/common/footer.php on line 90
2017-01-25 18:04:54 - PHP Notice:  Undefined variable: html in /Users/fernandomendes/github/2coracoes2017/public/catalog/view/theme/theme638/template/module/tm_newsletter_popup.tpl on line 18
2017-01-25 18:04:54 - PHP Warning:  sprintf(): Too few arguments in /Users/fernandomendes/github/2coracoes2017/public/system/storage/modification/catalog/controller/common/footer.php on line 90
2017-01-25 18:04:54 - PHP Notice:  Undefined variable: html in /Users/fernandomendes/github/2coracoes2017/public/catalog/view/theme/theme638/template/module/tm_newsletter_popup.tpl on line 18
2017-01-25 18:04:55 - PHP Warning:  sprintf(): Too few arguments in /Users/fernandomendes/github/2coracoes2017/public/system/storage/modification/catalog/controller/common/footer.php on line 90
2017-01-25 18:06:46 - PHP Warning:  sprintf(): Too few arguments in /Users/fernandomendes/github/2coracoes2017/public/system/storage/modification/catalog/controller/common/footer.php on line 90
2017-01-25 18:06:46 - PHP Warning:  sprintf(): Too few arguments in /Users/fernandomendes/github/2coracoes2017/public/system/storage/modification/catalog/controller/common/footer.php on line 90
2017-01-25 18:06:46 - PHP Warning:  sprintf(): Too few arguments in /Users/fernandomendes/github/2coracoes2017/public/system/storage/modification/catalog/controller/common/footer.php on line 90
2017-01-25 18:06:47 - PHP Warning:  sprintf(): Too few arguments in /Users/fernandomendes/github/2coracoes2017/public/system/storage/modification/catalog/controller/common/footer.php on line 90
2017-01-25 18:06:47 - PHP Warning:  sprintf(): Too few arguments in /Users/fernandomendes/github/2coracoes2017/public/system/storage/modification/catalog/controller/common/footer.php on line 90
2017-01-25 18:06:47 - PHP Warning:  sprintf(): Too few arguments in /Users/fernandomendes/github/2coracoes2017/public/system/storage/modification/catalog/controller/common/footer.php on line 90
2017-01-25 18:06:48 - PHP Warning:  sprintf(): Too few arguments in /Users/fernandomendes/github/2coracoes2017/public/system/storage/modification/catalog/controller/common/footer.php on line 90
2017-01-25 18:07:04 - PHP Warning:  sprintf(): Too few arguments in /Users/fernandomendes/github/2coracoes2017/public/system/storage/modification/catalog/controller/common/footer.php on line 90
2017-01-25 18:07:05 - PHP Warning:  sprintf(): Too few arguments in /Users/fernandomendes/github/2coracoes2017/public/system/storage/modification/catalog/controller/common/footer.php on line 90
2017-01-25 18:07:05 - PHP Warning:  sprintf(): Too few arguments in /Users/fernandomendes/github/2coracoes2017/public/system/storage/modification/catalog/controller/common/footer.php on line 90
2017-01-25 18:07:06 - PHP Warning:  sprintf(): Too few arguments in /Users/fernandomendes/github/2coracoes2017/public/system/storage/modification/catalog/controller/common/footer.php on line 90
2017-01-25 18:07:06 - PHP Warning:  sprintf(): Too few arguments in /Users/fernandomendes/github/2coracoes2017/public/system/storage/modification/catalog/controller/common/footer.php on line 90
2017-01-25 18:07:06 - PHP Warning:  sprintf(): Too few arguments in /Users/fernandomendes/github/2coracoes2017/public/system/storage/modification/catalog/controller/common/footer.php on line 90
2017-01-25 18:09:31 - PHP Warning:  sprintf(): Too few arguments in /Users/fernandomendes/github/2coracoes2017/public/system/storage/modification/catalog/controller/common/footer.php on line 90
2017-01-25 18:09:31 - PHP Warning:  sprintf(): Too few arguments in /Users/fernandomendes/github/2coracoes2017/public/system/storage/modification/catalog/controller/common/footer.php on line 90
2017-01-25 18:10:31 - PHP Warning:  sprintf(): Too few arguments in /Users/fernandomendes/github/2coracoes2017/public/system/storage/modification/catalog/controller/common/footer.php on line 90
2017-01-25 18:10:32 - PHP Warning:  sprintf(): Too few arguments in /Users/fernandomendes/github/2coracoes2017/public/system/storage/modification/catalog/controller/common/footer.php on line 90
2017-01-25 18:12:00 - PHP Warning:  sprintf(): Too few arguments in /Users/fernandomendes/github/2coracoes2017/public/system/storage/modification/catalog/controller/common/footer.php on line 90
2017-01-25 18:12:00 - PHP Warning:  sprintf(): Too few arguments in /Users/fernandomendes/github/2coracoes2017/public/system/storage/modification/catalog/controller/common/footer.php on line 90
2017-01-25 18:12:00 - PHP Warning:  sprintf(): Too few arguments in /Users/fernandomendes/github/2coracoes2017/public/system/storage/modification/catalog/controller/common/footer.php on line 90
2017-01-25 18:15:06 - PHP Warning:  sprintf(): Too few arguments in /Users/fernandomendes/github/2coracoes2017/public/system/storage/modification/catalog/controller/common/footer.php on line 90
2017-01-25 18:15:06 - PHP Warning:  sprintf(): Too few arguments in /Users/fernandomendes/github/2coracoes2017/public/system/storage/modification/catalog/controller/common/footer.php on line 90
2017-01-25 18:15:07 - PHP Warning:  sprintf(): Too few arguments in /Users/fernandomendes/github/2coracoes2017/public/system/storage/modification/catalog/controller/common/footer.php on line 90
2017-01-25 18:15:07 - PHP Warning:  sprintf(): Too few arguments in /Users/fernandomendes/github/2coracoes2017/public/system/storage/modification/catalog/controller/common/footer.php on line 90
2017-01-25 18:15:07 - PHP Warning:  sprintf(): Too few arguments in /Users/fernandomendes/github/2coracoes2017/public/system/storage/modification/catalog/controller/common/footer.php on line 90
2017-01-25 18:15:08 - PHP Warning:  sprintf(): Too few arguments in /Users/fernandomendes/github/2coracoes2017/public/system/storage/modification/catalog/controller/common/footer.php on line 90
2017-01-25 18:15:31 - PHP Warning:  sprintf(): Too few arguments in /Users/fernandomendes/github/2coracoes2017/public/system/storage/modification/catalog/controller/common/footer.php on line 90
2017-01-25 18:15:32 - PHP Warning:  sprintf(): Too few arguments in /Users/fernandomendes/github/2coracoes2017/public/system/storage/modification/catalog/controller/common/footer.php on line 90
2017-01-25 18:15:38 - PHP Warning:  sprintf(): Too few arguments in /Users/fernandomendes/github/2coracoes2017/public/system/storage/modification/catalog/controller/common/footer.php on line 90
2017-01-25 18:15:39 - PHP Warning:  sprintf(): Too few arguments in /Users/fernandomendes/github/2coracoes2017/public/system/storage/modification/catalog/controller/common/footer.php on line 90
2017-01-25 18:15:44 - PHP Warning:  sprintf(): Too few arguments in /Users/fernandomendes/github/2coracoes2017/public/system/storage/modification/catalog/controller/common/footer.php on line 90
2017-01-25 18:15:44 - PHP Warning:  sprintf(): Too few arguments in /Users/fernandomendes/github/2coracoes2017/public/system/storage/modification/catalog/controller/common/footer.php on line 90
2017-01-25 18:15:46 - PHP Warning:  sprintf(): Too few arguments in /Users/fernandomendes/github/2coracoes2017/public/system/storage/modification/catalog/controller/common/footer.php on line 90
2017-01-25 18:15:48 - PHP Warning:  sprintf(): Too few arguments in /Users/fernandomendes/github/2coracoes2017/public/system/storage/modification/catalog/controller/common/footer.php on line 90
2017-01-25 18:15:54 - PHP Warning:  sprintf(): Too few arguments in /Users/fernandomendes/github/2coracoes2017/public/system/storage/modification/catalog/controller/common/footer.php on line 90
2017-01-25 18:15:55 - PHP Warning:  sprintf(): Too few arguments in /Users/fernandomendes/github/2coracoes2017/public/system/storage/modification/catalog/controller/common/footer.php on line 90
2017-01-25 18:16:50 - PHP Warning:  sprintf(): Too few arguments in /Users/fernandomendes/github/2coracoes2017/public/system/storage/modification/catalog/controller/common/footer.php on line 90
2017-01-25 18:16:51 - PHP Warning:  sprintf(): Too few arguments in /Users/fernandomendes/github/2coracoes2017/public/system/storage/modification/catalog/controller/common/footer.php on line 90
2017-01-25 18:16:51 - PHP Warning:  sprintf(): Too few arguments in /Users/fernandomendes/github/2coracoes2017/public/system/storage/modification/catalog/controller/common/footer.php on line 90
2017-01-25 18:16:51 - PHP Warning:  sprintf(): Too few arguments in /Users/fernandomendes/github/2coracoes2017/public/system/storage/modification/catalog/controller/common/footer.php on line 90
2017-01-25 18:16:52 - PHP Warning:  sprintf(): Too few arguments in /Users/fernandomendes/github/2coracoes2017/public/system/storage/modification/catalog/controller/common/footer.php on line 90
2017-01-25 18:16:52 - PHP Warning:  sprintf(): Too few arguments in /Users/fernandomendes/github/2coracoes2017/public/system/storage/modification/catalog/controller/common/footer.php on line 90
2017-01-25 18:16:57 - PHP Warning:  sprintf(): Too few arguments in /Users/fernandomendes/github/2coracoes2017/public/system/storage/modification/catalog/controller/common/footer.php on line 90
2017-01-25 18:16:57 - PHP Warning:  sprintf(): Too few arguments in /Users/fernandomendes/github/2coracoes2017/public/system/storage/modification/catalog/controller/common/footer.php on line 90
2017-01-25 18:16:58 - PHP Warning:  sprintf(): Too few arguments in /Users/fernandomendes/github/2coracoes2017/public/system/storage/modification/catalog/controller/common/footer.php on line 90
2017-01-25 18:16:58 - PHP Warning:  sprintf(): Too few arguments in /Users/fernandomendes/github/2coracoes2017/public/system/storage/modification/catalog/controller/common/footer.php on line 90
2017-01-25 18:16:58 - PHP Warning:  sprintf(): Too few arguments in /Users/fernandomendes/github/2coracoes2017/public/system/storage/modification/catalog/controller/common/footer.php on line 90
2017-01-25 18:16:59 - PHP Warning:  sprintf(): Too few arguments in /Users/fernandomendes/github/2coracoes2017/public/system/storage/modification/catalog/controller/common/footer.php on line 90
2017-01-25 18:17:20 - PHP Warning:  sprintf(): Too few arguments in /Users/fernandomendes/github/2coracoes2017/public/system/storage/modification/catalog/controller/common/footer.php on line 90
2017-01-25 18:17:20 - PHP Warning:  sprintf(): Too few arguments in /Users/fernandomendes/github/2coracoes2017/public/system/storage/modification/catalog/controller/common/footer.php on line 90
2017-01-25 18:17:21 - PHP Warning:  sprintf(): Too few arguments in /Users/fernandomendes/github/2coracoes2017/public/system/storage/modification/catalog/controller/common/footer.php on line 90
2017-01-25 18:17:54 - PHP Warning:  sprintf(): Too few arguments in /Users/fernandomendes/github/2coracoes2017/public/system/storage/modification/catalog/controller/common/footer.php on line 90
2017-01-25 18:17:55 - PHP Warning:  sprintf(): Too few arguments in /Users/fernandomendes/github/2coracoes2017/public/system/storage/modification/catalog/controller/common/footer.php on line 90
2017-01-25 18:17:56 - PHP Warning:  sprintf(): Too few arguments in /Users/fernandomendes/github/2coracoes2017/public/system/storage/modification/catalog/controller/common/footer.php on line 90
2017-01-25 18:19:02 - PHP Warning:  sprintf(): Too few arguments in /Users/fernandomendes/github/2coracoes2017/public/system/storage/modification/catalog/controller/common/footer.php on line 90
2017-01-25 18:19:02 - PHP Warning:  sprintf(): Too few arguments in /Users/fernandomendes/github/2coracoes2017/public/system/storage/modification/catalog/controller/common/footer.php on line 90
2017-01-25 18:19:03 - PHP Warning:  sprintf(): Too few arguments in /Users/fernandomendes/github/2coracoes2017/public/system/storage/modification/catalog/controller/common/footer.php on line 90
2017-01-25 18:19:03 - PHP Warning:  sprintf(): Too few arguments in /Users/fernandomendes/github/2coracoes2017/public/system/storage/modification/catalog/controller/common/footer.php on line 90
2017-01-25 18:19:04 - PHP Warning:  sprintf(): Too few arguments in /Users/fernandomendes/github/2coracoes2017/public/system/storage/modification/catalog/controller/common/footer.php on line 90
2017-01-25 18:19:36 - PHP Warning:  sprintf(): Too few arguments in /Users/fernandomendes/github/2coracoes2017/public/system/storage/modification/catalog/controller/common/footer.php on line 90
2017-01-25 18:19:37 - PHP Warning:  sprintf(): Too few arguments in /Users/fernandomendes/github/2coracoes2017/public/system/storage/modification/catalog/controller/common/footer.php on line 90
2017-01-25 18:19:37 - PHP Warning:  sprintf(): Too few arguments in /Users/fernandomendes/github/2coracoes2017/public/system/storage/modification/catalog/controller/common/footer.php on line 90
2017-01-25 18:19:37 - PHP Warning:  sprintf(): Too few arguments in /Users/fernandomendes/github/2coracoes2017/public/system/storage/modification/catalog/controller/common/footer.php on line 90
2017-01-25 18:19:37 - PHP Warning:  sprintf(): Too few arguments in /Users/fernandomendes/github/2coracoes2017/public/system/storage/modification/catalog/controller/common/footer.php on line 90
2017-01-25 18:20:00 - PHP Warning:  sprintf(): Too few arguments in /Users/fernandomendes/github/2coracoes2017/public/system/storage/modification/catalog/controller/common/footer.php on line 90
2017-01-25 18:20:00 - PHP Warning:  sprintf(): Too few arguments in /Users/fernandomendes/github/2coracoes2017/public/system/storage/modification/catalog/controller/common/footer.php on line 90
2017-01-25 18:20:00 - PHP Warning:  sprintf(): Too few arguments in /Users/fernandomendes/github/2coracoes2017/public/system/storage/modification/catalog/controller/common/footer.php on line 90
2017-01-25 18:20:01 - PHP Warning:  sprintf(): Too few arguments in /Users/fernandomendes/github/2coracoes2017/public/system/storage/modification/catalog/controller/common/footer.php on line 90
2017-01-25 18:20:21 - PHP Warning:  sprintf(): Too few arguments in /Users/fernandomendes/github/2coracoes2017/public/system/storage/modification/catalog/controller/common/footer.php on line 90
2017-01-25 18:20:22 - PHP Warning:  sprintf(): Too few arguments in /Users/fernandomendes/github/2coracoes2017/public/system/storage/modification/catalog/controller/common/footer.php on line 90
2017-01-25 18:20:24 - PHP Warning:  sprintf(): Too few arguments in /Users/fernandomendes/github/2coracoes2017/public/system/storage/modification/catalog/controller/common/footer.php on line 90
2017-01-25 18:20:25 - PHP Warning:  sprintf(): Too few arguments in /Users/fernandomendes/github/2coracoes2017/public/system/storage/modification/catalog/controller/common/footer.php on line 90
2017-01-25 18:20:25 - PHP Warning:  sprintf(): Too few arguments in /Users/fernandomendes/github/2coracoes2017/public/system/storage/modification/catalog/controller/common/footer.php on line 90
2017-01-25 18:20:25 - PHP Warning:  sprintf(): Too few arguments in /Users/fernandomendes/github/2coracoes2017/public/system/storage/modification/catalog/controller/common/footer.php on line 90
2017-01-25 18:20:26 - PHP Warning:  sprintf(): Too few arguments in /Users/fernandomendes/github/2coracoes2017/public/system/storage/modification/catalog/controller/common/footer.php on line 90
2017-01-25 18:20:47 - PHP Warning:  sprintf(): Too few arguments in /Users/fernandomendes/github/2coracoes2017/public/system/storage/modification/catalog/controller/common/footer.php on line 90
2017-01-25 18:20:48 - PHP Warning:  sprintf(): Too few arguments in /Users/fernandomendes/github/2coracoes2017/public/system/storage/modification/catalog/controller/common/footer.php on line 90
2017-01-25 18:20:48 - PHP Warning:  sprintf(): Too few arguments in /Users/fernandomendes/github/2coracoes2017/public/system/storage/modification/catalog/controller/common/footer.php on line 90
2017-01-25 18:20:48 - PHP Warning:  sprintf(): Too few arguments in /Users/fernandomendes/github/2coracoes2017/public/system/storage/modification/catalog/controller/common/footer.php on line 90
2017-01-25 18:20:48 - PHP Warning:  sprintf(): Too few arguments in /Users/fernandomendes/github/2coracoes2017/public/system/storage/modification/catalog/controller/common/footer.php on line 90
2017-01-25 18:21:14 - PHP Warning:  sprintf(): Too few arguments in /Users/fernandomendes/github/2coracoes2017/public/system/storage/modification/catalog/controller/common/footer.php on line 90
2017-01-25 18:21:14 - PHP Warning:  sprintf(): Too few arguments in /Users/fernandomendes/github/2coracoes2017/public/system/storage/modification/catalog/controller/common/footer.php on line 90
2017-01-25 18:21:14 - PHP Warning:  sprintf(): Too few arguments in /Users/fernandomendes/github/2coracoes2017/public/system/storage/modification/catalog/controller/common/footer.php on line 90
2017-01-25 18:21:15 - PHP Warning:  sprintf(): Too few arguments in /Users/fernandomendes/github/2coracoes2017/public/system/storage/modification/catalog/controller/common/footer.php on line 90
2017-01-25 18:21:44 - PHP Warning:  sprintf(): Too few arguments in /Users/fernandomendes/github/2coracoes2017/public/system/storage/modification/catalog/controller/common/footer.php on line 90
2017-01-25 18:21:44 - PHP Warning:  sprintf(): Too few arguments in /Users/fernandomendes/github/2coracoes2017/public/system/storage/modification/catalog/controller/common/footer.php on line 90
2017-01-25 18:21:44 - PHP Warning:  sprintf(): Too few arguments in /Users/fernandomendes/github/2coracoes2017/public/system/storage/modification/catalog/controller/common/footer.php on line 90
2017-01-25 18:21:45 - PHP Warning:  sprintf(): Too few arguments in /Users/fernandomendes/github/2coracoes2017/public/system/storage/modification/catalog/controller/common/footer.php on line 90
2017-01-25 18:22:06 - PHP Notice:  Undefined variable: powered in /Users/fernandomendes/github/2coracoes2017/public/catalog/view/theme/theme638/template/common/footer.tpl on line 98
2017-01-25 18:22:07 - PHP Notice:  Undefined variable: powered in /Users/fernandomendes/github/2coracoes2017/public/catalog/view/theme/theme638/template/common/footer.tpl on line 98
2017-01-25 18:22:07 - PHP Notice:  Undefined variable: powered in /Users/fernandomendes/github/2coracoes2017/public/catalog/view/theme/theme638/template/common/footer.tpl on line 98
2017-01-25 18:22:28 - PHP Warning:  sprintf(): Too few arguments in /Users/fernandomendes/github/2coracoes2017/public/system/storage/modification/catalog/controller/common/footer.php on line 90
2017-01-25 18:22:29 - PHP Warning:  sprintf(): Too few arguments in /Users/fernandomendes/github/2coracoes2017/public/system/storage/modification/catalog/controller/common/footer.php on line 90
2017-01-25 18:22:29 - PHP Warning:  sprintf(): Too few arguments in /Users/fernandomendes/github/2coracoes2017/public/system/storage/modification/catalog/controller/common/footer.php on line 90
2017-01-25 18:22:29 - PHP Warning:  sprintf(): Too few arguments in /Users/fernandomendes/github/2coracoes2017/public/system/storage/modification/catalog/controller/common/footer.php on line 90
2017-01-25 18:24:39 - PHP Warning:  sprintf(): Too few arguments in /Users/fernandomendes/github/2coracoes2017/public/system/storage/modification/catalog/controller/common/footer.php on line 90
2017-01-25 18:24:39 - PHP Warning:  sprintf(): Too few arguments in /Users/fernandomendes/github/2coracoes2017/public/system/storage/modification/catalog/controller/common/footer.php on line 90
2017-01-30 15:19:47 - PHP Notice:  Undefined variable: tel in /Users/fernandomendes/github/2coracoes2017/public/catalog/view/theme/theme638/template/common/header.tpl on line 91
2017-01-30 15:19:47 - PHP Notice:  Undefined variable: tel in /Users/fernandomendes/github/2coracoes2017/public/catalog/view/theme/theme638/template/common/header.tpl on line 91
2017-01-30 15:19:48 - PHP Notice:  Undefined variable: tel in /Users/fernandomendes/github/2coracoes2017/public/catalog/view/theme/theme638/template/common/header.tpl on line 91
2017-01-30 15:33:51 - PHP Notice:  Undefined variable: whatsapp in /Users/fernandomendes/github/2coracoes2017/public/catalog/view/theme/theme638/template/common/header.tpl on line 109
2017-01-30 15:33:52 - PHP Notice:  Undefined variable: whatsapp in /Users/fernandomendes/github/2coracoes2017/public/catalog/view/theme/theme638/template/common/header.tpl on line 109
2017-01-30 15:33:52 - PHP Notice:  Undefined variable: whatsapp in /Users/fernandomendes/github/2coracoes2017/public/catalog/view/theme/theme638/template/common/header.tpl on line 109
2017-01-30 17:34:10 - PHP Warning:  Invalid argument supplied for foreach() in /Users/fernandomendes/github/2coracoes2017/public/admin/controller/extension/installer.php on line 333
2017-01-30 17:34:10 - PHP Warning:  Invalid argument supplied for foreach() in /Users/fernandomendes/github/2coracoes2017/public/admin/controller/extension/installer.php on line 333
2017-01-30 17:34:40 - PHP Warning:  Missing argument 1 for Cart\Currency::getSymbolLeft(), called in /Users/fernandomendes/github/2coracoes2017/public/admin/controller/shipping/joseanmatias_faixa_cep.php on line 111 and defined in /Users/fernandomendes/github/2coracoes2017/public/system/library/cart/currency.php on line 80
2017-01-30 17:34:40 - PHP Notice:  Undefined variable: currency in /Users/fernandomendes/github/2coracoes2017/public/system/library/cart/currency.php on line 81
2017-01-30 17:34:40 - PHP Warning:  Missing argument 1 for Cart\Currency::getSymbolRight(), called in /Users/fernandomendes/github/2coracoes2017/public/admin/controller/shipping/joseanmatias_faixa_cep.php on line 113 and defined in /Users/fernandomendes/github/2coracoes2017/public/system/library/cart/currency.php on line 88
2017-01-30 17:34:40 - PHP Notice:  Undefined variable: currency in /Users/fernandomendes/github/2coracoes2017/public/system/library/cart/currency.php on line 89
2017-01-30 17:34:47 - PHP Notice:  Undefined index: joseanmatias_faixa_cep_interval in /Users/fernandomendes/github/2coracoes2017/public/admin/controller/shipping/joseanmatias_faixa_cep.php on line 133
2017-01-30 17:34:47 - PHP Warning:  Missing argument 1 for Cart\Currency::getSymbolLeft(), called in /Users/fernandomendes/github/2coracoes2017/public/admin/controller/shipping/joseanmatias_faixa_cep.php on line 111 and defined in /Users/fernandomendes/github/2coracoes2017/public/system/library/cart/currency.php on line 80
2017-01-30 17:34:47 - PHP Notice:  Undefined variable: currency in /Users/fernandomendes/github/2coracoes2017/public/system/library/cart/currency.php on line 81
2017-01-30 17:34:47 - PHP Warning:  Missing argument 1 for Cart\Currency::getSymbolRight(), called in /Users/fernandomendes/github/2coracoes2017/public/admin/controller/shipping/joseanmatias_faixa_cep.php on line 113 and defined in /Users/fernandomendes/github/2coracoes2017/public/system/library/cart/currency.php on line 88
2017-01-30 17:34:47 - PHP Notice:  Undefined variable: currency in /Users/fernandomendes/github/2coracoes2017/public/system/library/cart/currency.php on line 89
2017-01-30 17:35:25 - PHP Warning:  Missing argument 1 for Cart\Currency::getSymbolLeft(), called in /Users/fernandomendes/github/2coracoes2017/public/admin/controller/shipping/joseanmatias_faixa_cep.php on line 111 and defined in /Users/fernandomendes/github/2coracoes2017/public/system/library/cart/currency.php on line 80
2017-01-30 17:35:25 - PHP Notice:  Undefined variable: currency in /Users/fernandomendes/github/2coracoes2017/public/system/library/cart/currency.php on line 81
2017-01-30 17:35:25 - PHP Warning:  Missing argument 1 for Cart\Currency::getSymbolRight(), called in /Users/fernandomendes/github/2coracoes2017/public/admin/controller/shipping/joseanmatias_faixa_cep.php on line 113 and defined in /Users/fernandomendes/github/2coracoes2017/public/system/library/cart/currency.php on line 88
2017-01-30 17:35:25 - PHP Notice:  Undefined variable: currency in /Users/fernandomendes/github/2coracoes2017/public/system/library/cart/currency.php on line 89
2017-01-30 17:36:22 - PHP Warning:  Invalid argument supplied for foreach() in /Users/fernandomendes/github/2coracoes2017/public/admin/controller/extension/installer.php on line 333
2017-01-30 17:36:22 - PHP Warning:  Invalid argument supplied for foreach() in /Users/fernandomendes/github/2coracoes2017/public/admin/controller/extension/installer.php on line 333
2017-01-30 17:39:22 - Módulo Correios :: produto com dimensões e peso inválidos (Ltb Jeans Valentine). Consulte os limites de dimensões e de peso em http://www.correios.com.br/para-voce/precisa-de-ajuda/limites-de-dimensoes-e-de-peso
2017-01-30 17:39:22 - Módulo Correios :: produto com dimensões e peso inválidos (Ltb Jeans Valentine). Consulte os limites de dimensões e de peso em http://www.correios.com.br/para-voce/precisa-de-ajuda/limites-de-dimensoes-e-de-peso
2017-01-30 17:39:22 - Módulo Correios :: produto com dimensões e peso inválidos (Ltb Jeans Valentine). Consulte os limites de dimensões e de peso em http://www.correios.com.br/para-voce/precisa-de-ajuda/limites-de-dimensoes-e-de-peso
2017-01-30 17:39:22 - Módulo Correios :: produto com dimensões e peso inválidos (Ltb Jeans Valentine). Consulte os limites de dimensões e de peso em http://www.correios.com.br/para-voce/precisa-de-ajuda/limites-de-dimensoes-e-de-peso
2017-01-30 17:39:22 - Módulo Correios :: produto com dimensões e peso inválidos (Ltb Jeans Valentine). Consulte os limites de dimensões e de peso em http://www.correios.com.br/para-voce/precisa-de-ajuda/limites-de-dimensoes-e-de-peso
2017-01-30 17:39:51 - Módulo Correios :: produto com dimensões e peso inválidos (Ltb Jeans Valentine). Consulte os limites de dimensões e de peso em http://www.correios.com.br/para-voce/precisa-de-ajuda/limites-de-dimensoes-e-de-peso
2017-01-30 17:39:51 - Módulo Correios :: produto com dimensões e peso inválidos (Ltb Jeans Valentine). Consulte os limites de dimensões e de peso em http://www.correios.com.br/para-voce/precisa-de-ajuda/limites-de-dimensoes-e-de-peso
2017-01-30 17:39:51 - Módulo Correios :: produto com dimensões e peso inválidos (Ltb Jeans Valentine). Consulte os limites de dimensões e de peso em http://www.correios.com.br/para-voce/precisa-de-ajuda/limites-de-dimensoes-e-de-peso
2017-01-30 17:39:51 - Módulo Correios :: produto com dimensões e peso inválidos (Ltb Jeans Valentine). Consulte os limites de dimensões e de peso em http://www.correios.com.br/para-voce/precisa-de-ajuda/limites-de-dimensoes-e-de-peso
2017-01-30 17:39:51 - Módulo Correios :: produto com dimensões e peso inválidos (Ltb Jeans Valentine). Consulte os limites de dimensões e de peso em http://www.correios.com.br/para-voce/precisa-de-ajuda/limites-de-dimensoes-e-de-peso
2017-01-30 17:40:23 - Módulo Correios :: produto com dimensões e peso inválidos (Ltb Jeans Valentine). Consulte os limites de dimensões e de peso em http://www.correios.com.br/para-voce/precisa-de-ajuda/limites-de-dimensoes-e-de-peso
2017-01-30 17:40:23 - Módulo Correios :: produto com dimensões e peso inválidos (Ltb Jeans Valentine). Consulte os limites de dimensões e de peso em http://www.correios.com.br/para-voce/precisa-de-ajuda/limites-de-dimensoes-e-de-peso
2017-01-30 17:40:23 - Módulo Correios :: produto com dimensões e peso inválidos (Ltb Jeans Valentine). Consulte os limites de dimensões e de peso em http://www.correios.com.br/para-voce/precisa-de-ajuda/limites-de-dimensoes-e-de-peso
2017-01-30 17:40:23 - Módulo Correios :: produto com dimensões e peso inválidos (Ltb Jeans Valentine). Consulte os limites de dimensões e de peso em http://www.correios.com.br/para-voce/precisa-de-ajuda/limites-de-dimensoes-e-de-peso
2017-01-30 17:40:23 - Módulo Correios :: produto com dimensões e peso inválidos (Ltb Jeans Valentine). Consulte os limites de dimensões e de peso em http://www.correios.com.br/para-voce/precisa-de-ajuda/limites-de-dimensoes-e-de-peso
2017-01-30 17:41:09 - Módulo Correios :: produto com dimensões e peso inválidos (Ltb Jeans Valentine). Consulte os limites de dimensões e de peso em http://www.correios.com.br/para-voce/precisa-de-ajuda/limites-de-dimensoes-e-de-peso
2017-01-30 17:41:09 - Módulo Correios :: produto com dimensões e peso inválidos (Ltb Jeans Valentine). Consulte os limites de dimensões e de peso em http://www.correios.com.br/para-voce/precisa-de-ajuda/limites-de-dimensoes-e-de-peso
2017-01-30 17:41:09 - Módulo Correios :: produto com dimensões e peso inválidos (Ltb Jeans Valentine). Consulte os limites de dimensões e de peso em http://www.correios.com.br/para-voce/precisa-de-ajuda/limites-de-dimensoes-e-de-peso
2017-01-30 17:41:09 - Módulo Correios :: produto com dimensões e peso inválidos (Ltb Jeans Valentine). Consulte os limites de dimensões e de peso em http://www.correios.com.br/para-voce/precisa-de-ajuda/limites-de-dimensoes-e-de-peso
2017-01-30 17:41:09 - Módulo Correios :: produto com dimensões e peso inválidos (Ltb Jeans Valentine). Consulte os limites de dimensões e de peso em http://www.correios.com.br/para-voce/precisa-de-ajuda/limites-de-dimensoes-e-de-peso
2017-01-30 17:41:32 - Módulo Correios :: produto com dimensões e peso inválidos (Ltb Jeans Valentine). Consulte os limites de dimensões e de peso em http://www.correios.com.br/para-voce/precisa-de-ajuda/limites-de-dimensoes-e-de-peso
2017-01-30 17:41:32 - Módulo Correios :: produto com dimensões e peso inválidos (Ltb Jeans Valentine). Consulte os limites de dimensões e de peso em http://www.correios.com.br/para-voce/precisa-de-ajuda/limites-de-dimensoes-e-de-peso
2017-01-30 17:41:32 - Módulo Correios :: produto com dimensões e peso inválidos (Ltb Jeans Valentine). Consulte os limites de dimensões e de peso em http://www.correios.com.br/para-voce/precisa-de-ajuda/limites-de-dimensoes-e-de-peso
2017-01-30 17:41:32 - Módulo Correios :: produto com dimensões e peso inválidos (Ltb Jeans Valentine). Consulte os limites de dimensões e de peso em http://www.correios.com.br/para-voce/precisa-de-ajuda/limites-de-dimensoes-e-de-peso
2017-01-30 17:41:32 - Módulo Correios :: produto com dimensões e peso inválidos (Ltb Jeans Valentine). Consulte os limites de dimensões e de peso em http://www.correios.com.br/para-voce/precisa-de-ajuda/limites-de-dimensoes-e-de-peso
2017-01-30 17:44:16 - Módulo Correios :: produto com dimensões e peso inválidos (Ltb Jeans Valentine). Consulte os limites de dimensões e de peso em http://www.correios.com.br/para-voce/precisa-de-ajuda/limites-de-dimensoes-e-de-peso
2017-01-30 17:44:16 - Módulo Correios :: produto com dimensões e peso inválidos (Ltb Jeans Valentine). Consulte os limites de dimensões e de peso em http://www.correios.com.br/para-voce/precisa-de-ajuda/limites-de-dimensoes-e-de-peso
2017-01-30 17:44:16 - Módulo Correios :: produto com dimensões e peso inválidos (Ltb Jeans Valentine). Consulte os limites de dimensões e de peso em http://www.correios.com.br/para-voce/precisa-de-ajuda/limites-de-dimensoes-e-de-peso
2017-01-30 17:44:16 - Módulo Correios :: produto com dimensões e peso inválidos (Ltb Jeans Valentine). Consulte os limites de dimensões e de peso em http://www.correios.com.br/para-voce/precisa-de-ajuda/limites-de-dimensoes-e-de-peso
2017-01-30 17:44:16 - Módulo Correios :: produto com dimensões e peso inválidos (Ltb Jeans Valentine). Consulte os limites de dimensões e de peso em http://www.correios.com.br/para-voce/precisa-de-ajuda/limites-de-dimensoes-e-de-peso
2017-01-30 18:15:23 - PHP Warning:  Missing argument 1 for Cart\Currency::getSymbolLeft(), called in /Users/fernandomendes/github/2coracoes2017/public/admin/controller/shipping/joseanmatias_faixa_cep.php on line 111 and defined in /Users/fernandomendes/github/2coracoes2017/public/system/library/cart/currency.php on line 80
2017-01-30 18:15:23 - PHP Notice:  Undefined variable: currency in /Users/fernandomendes/github/2coracoes2017/public/system/library/cart/currency.php on line 81
2017-01-30 18:15:23 - PHP Warning:  Missing argument 1 for Cart\Currency::getSymbolRight(), called in /Users/fernandomendes/github/2coracoes2017/public/admin/controller/shipping/joseanmatias_faixa_cep.php on line 113 and defined in /Users/fernandomendes/github/2coracoes2017/public/system/library/cart/currency.php on line 88
2017-01-30 18:15:23 - PHP Notice:  Undefined variable: currency in /Users/fernandomendes/github/2coracoes2017/public/system/library/cart/currency.php on line 89
2017-01-30 18:16:13 - PHP Warning:  Missing argument 1 for Cart\Currency::getSymbolLeft(), called in /Users/fernandomendes/github/2coracoes2017/public/admin/controller/shipping/joseanmatias_faixa_cep.php on line 111 and defined in /Users/fernandomendes/github/2coracoes2017/public/system/library/cart/currency.php on line 80
2017-01-30 18:16:13 - PHP Notice:  Undefined variable: currency in /Users/fernandomendes/github/2coracoes2017/public/system/library/cart/currency.php on line 81
2017-01-30 18:16:13 - PHP Warning:  Missing argument 1 for Cart\Currency::getSymbolRight(), called in /Users/fernandomendes/github/2coracoes2017/public/admin/controller/shipping/joseanmatias_faixa_cep.php on line 113 and defined in /Users/fernandomendes/github/2coracoes2017/public/system/library/cart/currency.php on line 88
2017-01-30 18:16:13 - PHP Notice:  Undefined variable: currency in /Users/fernandomendes/github/2coracoes2017/public/system/library/cart/currency.php on line 89
2017-01-30 18:17:19 - PHP Warning:  Missing argument 1 for Cart\Currency::getSymbolLeft(), called in /Users/fernandomendes/github/2coracoes2017/public/admin/controller/shipping/joseanmatias_faixa_cep.php on line 111 and defined in /Users/fernandomendes/github/2coracoes2017/public/system/library/cart/currency.php on line 80
2017-01-30 18:17:19 - PHP Notice:  Undefined variable: currency in /Users/fernandomendes/github/2coracoes2017/public/system/library/cart/currency.php on line 81
2017-01-30 18:17:19 - PHP Warning:  Missing argument 1 for Cart\Currency::getSymbolRight(), called in /Users/fernandomendes/github/2coracoes2017/public/admin/controller/shipping/joseanmatias_faixa_cep.php on line 113 and defined in /Users/fernandomendes/github/2coracoes2017/public/system/library/cart/currency.php on line 88
2017-01-30 18:17:19 - PHP Notice:  Undefined variable: currency in /Users/fernandomendes/github/2coracoes2017/public/system/library/cart/currency.php on line 89
2017-01-30 18:18:03 - PHP Warning:  Missing argument 1 for Cart\Currency::getSymbolLeft(), called in /Users/fernandomendes/github/2coracoes2017/public/admin/controller/shipping/joseanmatias_faixa_cep.php on line 111 and defined in /Users/fernandomendes/github/2coracoes2017/public/system/library/cart/currency.php on line 80
2017-01-30 18:18:03 - PHP Notice:  Undefined variable: currency in /Users/fernandomendes/github/2coracoes2017/public/system/library/cart/currency.php on line 81
2017-01-30 18:18:03 - PHP Warning:  Missing argument 1 for Cart\Currency::getSymbolRight(), called in /Users/fernandomendes/github/2coracoes2017/public/admin/controller/shipping/joseanmatias_faixa_cep.php on line 113 and defined in /Users/fernandomendes/github/2coracoes2017/public/system/library/cart/currency.php on line 88
2017-01-30 18:18:03 - PHP Notice:  Undefined variable: currency in /Users/fernandomendes/github/2coracoes2017/public/system/library/cart/currency.php on line 89
2017-01-30 18:23:38 - PHP Warning:  Missing argument 1 for Cart\Currency::getSymbolLeft(), called in /Users/fernandomendes/github/2coracoes2017/public/admin/controller/shipping/joseanmatias_faixa_cep.php on line 111 and defined in /Users/fernandomendes/github/2coracoes2017/public/system/library/cart/currency.php on line 80
2017-01-30 18:23:38 - PHP Notice:  Undefined variable: currency in /Users/fernandomendes/github/2coracoes2017/public/system/library/cart/currency.php on line 81
2017-01-30 18:23:38 - PHP Warning:  Missing argument 1 for Cart\Currency::getSymbolRight(), called in /Users/fernandomendes/github/2coracoes2017/public/admin/controller/shipping/joseanmatias_faixa_cep.php on line 113 and defined in /Users/fernandomendes/github/2coracoes2017/public/system/library/cart/currency.php on line 88
2017-01-30 18:23:38 - PHP Notice:  Undefined variable: currency in /Users/fernandomendes/github/2coracoes2017/public/system/library/cart/currency.php on line 89
2017-01-30 18:29:34 - PHP Warning:  Missing argument 2 for Cart\Currency::format(), called in /Users/fernandomendes/github/2coracoes2017/public/catalog/model/shipping/joseanmatias_faixa_cep.php on line 58 and defined in /Users/fernandomendes/github/2coracoes2017/public/system/library/cart/currency.php on line 24
2017-01-30 18:29:34 - PHP Notice:  Undefined variable: currency in /Users/fernandomendes/github/2coracoes2017/public/system/library/cart/currency.php on line 25
2017-01-30 18:29:34 - PHP Notice:  Undefined index:  in /Users/fernandomendes/github/2coracoes2017/public/system/library/cart/currency.php on line 25
2017-01-30 18:29:34 - PHP Notice:  Undefined variable: currency in /Users/fernandomendes/github/2coracoes2017/public/system/library/cart/currency.php on line 26
2017-01-30 18:29:34 - PHP Notice:  Undefined index:  in /Users/fernandomendes/github/2coracoes2017/public/system/library/cart/currency.php on line 26
2017-01-30 18:29:34 - PHP Notice:  Undefined variable: currency in /Users/fernandomendes/github/2coracoes2017/public/system/library/cart/currency.php on line 27
2017-01-30 18:29:34 - PHP Notice:  Undefined index:  in /Users/fernandomendes/github/2coracoes2017/public/system/library/cart/currency.php on line 27
2017-01-30 18:29:34 - PHP Notice:  Undefined variable: currency in /Users/fernandomendes/github/2coracoes2017/public/system/library/cart/currency.php on line 30
2017-01-30 18:29:34 - PHP Notice:  Undefined index:  in /Users/fernandomendes/github/2coracoes2017/public/system/library/cart/currency.php on line 30
